<?xml version="1.0" encoding="UTF-8"?>
<testng-results skipped="0" failed="0" ignored="0" total="1" passed="1">
  <reporter-output>
  </reporter-output>
  <suite name="Surefire suite" duration-ms="8405" started-at="2023-01-25T09:14:57Z" finished-at="2023-01-25T09:15:06Z">
    <groups>
      <group name="cucumber">
        <method signature="AbstractTestNGCucumberTests.runScenario(io.cucumber.testng.PickleWrapper, io.cucumber.testng.FeatureWrapper)[pri:0, instance:helpers.TestRunner@29774679]" name="runScenario" class="io.cucumber.testng.AbstractTestNGCucumberTests"/>
      </group> <!-- cucumber -->
    </groups>
    <test name="Surefire test" duration-ms="8405" started-at="2023-01-25T09:14:57Z" finished-at="2023-01-25T09:15:06Z">
      <class name="helpers.TestRunner">
        <test-method status="PASS" signature="browser(java.lang.String)[pri:0, instance:helpers.TestRunner@29774679]" name="browser" is-config="true" duration-ms="12" started-at="2023-01-25T09:14:57Z" finished-at="2023-01-25T09:14:57Z">
          <params>
            <param index="0">
              <value>
                <![CDATA[firefox]]>
              </value>
            </param>
          </params>
          <reporter-output>
          </reporter-output>
        </test-method> <!-- browser -->
        <test-method status="PASS" signature="setUpClass(org.testng.ITestContext)[pri:0, instance:helpers.TestRunner@29774679]" name="setUpClass" is-config="true" duration-ms="495" started-at="2023-01-25T09:14:57Z" finished-at="2023-01-25T09:14:58Z">
          <params>
            <param index="0">
              <value>
                <![CDATA[org.testng.TestRunner@6ff37443]]>
              </value>
            </param>
          </params>
          <reporter-output>
          </reporter-output>
        </test-method> <!-- setUpClass -->
        <test-method status="PASS" signature="runScenario(io.cucumber.testng.PickleWrapper, io.cucumber.testng.FeatureWrapper)[pri:0, instance:helpers.TestRunner@29774679]" name="runScenario" duration-ms="7828" started-at="2023-01-25T09:14:58Z" description="Runs Cucumber Scenarios" data-provider="scenarios" finished-at="2023-01-25T09:15:05Z">
          <params>
            <param index="0">
              <value>
                <![CDATA["TC001 - User login with correct credential"]]>
              </value>
            </param>
            <param index="1">
              <value>
                <![CDATA["Login Scenarios"]]>
              </value>
            </param>
          </params>
          <reporter-output>
          </reporter-output>
        </test-method> <!-- runScenario -->
        <test-method status="PASS" signature="tearDownClass()[pri:0, instance:helpers.TestRunner@29774679]" name="tearDownClass" is-config="true" duration-ms="54" started-at="2023-01-25T09:15:05Z" finished-at="2023-01-25T09:15:06Z">
          <reporter-output>
          </reporter-output>
        </test-method> <!-- tearDownClass -->
      </class> <!-- helpers.TestRunner -->
    </test> <!-- Surefire test -->
  </suite> <!-- Surefire suite -->
</testng-results>
